 way/20707401
 way/398072307
 way/827987315
 way/84620179
 way/827987315
 way/827987315
 way/827987313
 way/24140896
 way/24140896
 way/827987314
 way/24140896
 way/24140896
 way/24140896
 way/24138640
 way/24138642
 way/24138156
 way/24168578
 way/546657774
 way/84619393
 way/84619394
 way/84619392
 way/23529828
 way/23524675
 way/23512334
 way/23476914
 way/23475096
 way/975953532
 way/409834201
 way/409834200
 way/762127494
 way/762127494
 way/762127494
 way/409834205
 node/5000812073
 way/1242000827
 way/221110113
 way/221110112
 way/221110112
 way/221110111
 way/24138364
 way/409834200
 way/409834199
 way/762127482
 way/762127484
 way/762127483
 way/762127492
 way/762127493
 way/762127485
 way/762127486
 way/762127488
 way/762127487
 way/762127495
 way/762127497
 way/762127496
 way/762127495
 way/762127490
 way/762127500
 way/762127500
 way/762127499
 way/762127500
 way/762127498
 way/762124882
 way/762124880
 way/1242000823
 way/1242000822
 way/1242000825
 way/1242000824
 way/1242000824
 way/1242000820
 node/5000812073
 node/5000812073
 way/1242000821
 way/1242000826
 way/1133268685
 way/1133268684
 way/480534223
 way/480534223
 way/436231796
 way/480533796
 way/1302794521
 way/590901816
 way/1302794521
 way/1302794519
 way/590901815
 way/590901817
 way/1302794522
 way/591713461
 way/1302794522
 way/591713460
 way/590901818
 way/591713462
 way/591713457
 way/1125098504
 way/1125098503
 way/1302794520
 way/590901814
 way/590901813
 way/590901812
 way/533839752
 way/533839750
 way/533839750
 way/533839752
 way/533839751
 way/533839749
 way/591713454
 way/590901819
 way/1235082894
 way/590901811
 way/1235082895
 way/1235082894
 way/814229631
 way/1235082893
 way/590901820
 way/1235082891
 way/1072039846
 way/814229629
 way/693346055
 way/1235082896
 way/1235082898
 way/1235082897
 way/1235082897
 way/814229630
 way/1164033928
 way/693345058
 way/1072040200
 way/1164033928
 way/693345059
 way/1164033926
 way/1164033926
 way/1164033926
 way/693345060
 way/1164033925
 way/693345057
 way/693345056
 way/1164033927
 way/318101222
 way/1164033924
 way/693345061
 way/1164033923
 way/1164033922
 way/180630837
 way/729160975
 way/86978480
 way/79827700
 way/86978484
 way/79827488
 way/86978484
 way/86978484
 way/727877760
 way/727877759
 way/86978474
 way/727321887
 way/79827611
 way/79827585
 way/300590727
 way/454591766
 way/985855272
 way/1224903154
 way/1224908507
 way/1224903155
 way/1224908775
 way/1224908774
 way/1224903972
 way/1062472659
 way/929231656
 way/929231657
 way/23474274
 way/585936087
 way/44848313
 way/824305534
 way/1242000810
 way/1242000817
 way/1242000816
 way/1242000811
 way/239126525
 way/239126526
 way/505422603
 way/239126527
 way/239126529
 way/239126529
 way/239126524
 way/1015634756
 way/1015635493
 way/1015634757
 way/1015634758
 way/1015635492
 way/1015855750
 way/795266297
 way/1015634758
 way/794619175
 way/1015635495
 way/1233656345
 way/1015635494
 way/1015634748
 way/1015636749
 way/1015634749
 way/1015634747
 way/1015634754
 way/1015634755
 way/1015634753
 way/1015634751
 way/1015634750
 way/1015634752
 node/8653058175
 way/1044606268
 way/1044606266
 way/1044606264
 way/1044606265
 way/1044606263
 way/1044606264
 way/1044606262
 way/1044606261
 node/8653058182
 node/8653058182
 way/1094028655
 way/1094028658
 node/3067758196
 way/1044606269
 way/1094028657
 node/9611917903
 node/9611917903
 way/1044606267
 way/1044606236
 way/1226757651
 way/1226757647
 way/1226757650
 way/1193463076
 way/1193439669
 way/1193439670
 way/1193463076
 way/1193439668
 way/1193439671
 way/1202213017
 way/1226757646
 way/428552889
 way/238779588
 way/238779588
 way/238779393
 way/238779396
 way/238779391
 way/238777485
 way/238777487
 way/238777485
 way/238777486
 way/238777484
 way/238777485
 way/238775502
 way/1111642116
 way/1111642117
 way/1111642135
 way/1111642135
 way/428552888
 way/1111642135
 way/1111642135
 way/1111642134
 way/1111642136
 way/1111642137
 way/1111642138
 way/1111642139
 way/1111642141
 way/962414638
 way/962414638
 way/962414637
 way/962414636
 way/1111642128
 way/1111642127
 way/1111642120
 way/1111642118
 way/1111642121
 way/1111642120
 way/1111642124
 way/1111642124
 way/1111642119
 way/1111642122
 way/1111642130
 way/1111642123
 node/10170298031
 way/1111642133
 node/10170298031
 way/1111642132
 way/1111642131
 way/1111642126
 way/238786604
 way/238784484
 way/1133424872
 way/238786604
 way/238786604
 way/238786603
 way/239025458
 way/238681557
 way/1092978754
 way/238681555
 way/238681558
 way/238681594
 way/1092722579
 way/884643742
 way/884643742
 way/884643740
 way/884643741
 way/884643733
 way/884643731
 way/884643729
 way/884643730
 way/884643730
 way/884643734
 way/884643735
 way/884643736
 way/884643722
 way/884643721
 way/884643723
 way/884643724
 way/884643725
 way/884643727
 way/884643726
 way/884643730
 way/884643728
 way/884643737
 way/884643738
 way/884643739
 way/83892814
 way/243094573
 way/32225288
 way/424094845
 way/56454826
 way/52756899
 way/52756908
 way/38898647
 node/462314681
 way/59658051
 way/38898646
 way/38915348
 way/38915348
 way/38898432
 way/38915346
 way/38915347
 way/44680218
 way/416612910
 way/444855832
 way/444855838
 way/444855836
 way/444855845
 way/444855845
 way/444855844
 way/444855837
 way/44680224
 way/44680221
 node/4423191117
 way/444855846
 node/4423191111
 way/444855839
 way/444855840
 way/44681488
 node/4423190977
 way/444855833
 way/444855842
 way/444855835
 way/444852185
 way/44681481
 node/4423190954
 way/444855843
 way/44681484
 way/52756874
 way/444852184
 way/444855834
 way/444855841
 way/32541568
 way/479151971
 way/884549864
 way/32543605
 way/884533342
 way/884547285
 way/884547284
 way/884547286
 way/884533344
 way/884533343
 way/44678489
 way/44075485
 way/775020181
 way/775020181
 way/775020181
 way/775020181
 way/44678806
 way/1150524173
 way/1150507762
 way/1150507761
 way/384877350
 way/1150524172
 way/1150524171
 way/1150524174
 way/1150524170
 way/239033510
 way/882607494
 way/239033510
 way/239033507
 way/239031862
 way/239031861
 way/883302678
 way/958451219
 way/958626419
 way/44075569
 way/239033799
 way/239033936
 way/239033801
 way/239032270
 way/239032269
 way/239032269
 way/239032268
 way/239032273
 way/239032272
 way/271011037
 way/271011037
 way/44330735
 way/384875440
 way/384875436
 way/384875430
 way/395459372
 way/271008064
 way/44330736
 way/271008064
 way/271008064
 way/44330737
 way/384875420
 way/271008063
 way/272590991
 way/271008062
 way/271008059
 way/271008061
 way/56781923
 way/271011036
 way/271006883
 way/384875433
 way/384875433
 way/1158353186
 way/271011038
 way/1158353186
 way/1158353185
 way/272587072
 way/384875418
 way/384875423
 way/910618914
 way/384875435
 way/1063470275
 way/1063470273
 way/1063470270
 way/1063470275
 way/1063470274
 way/1063470271
 way/1063470276
 way/1063470272
 way/1063470246
 way/1063470247
 way/1063470248
 way/1063470245
 way/1063470237
 way/1063470240
 way/1063470240
 way/1063470243
 way/1063470244
 way/1063470241
 way/1063470242
 way/1063470238
 way/1063470239
 node/10839120387
 way/1165323355
 node/10839120386
 way/1165323354
 way/1165323352
 way/1165323353
 way/1051991933
 way/1051991934
 way/1051991952
 way/1051991952
 way/1051991952
 way/1051991924
 way/1051991962
 way/1051991962
 node/9667465034
 way/1051991947
 way/1051991946
 way/1051991946
 way/1051991940
 way/1051991944
 way/1051991941
 way/1051991935
 way/1051991953
 way/1051991960
 way/1051991932
 way/1051991930
 way/1051991945
 way/1051991952
 way/1051991937
 way/1051991951
 way/1167684019
 way/1167684018
 way/1051991943
 way/1051991948
 way/1051991925
 way/1051991926
 node/10859816139
 way/1051991959
 way/1051991942
 way/1051991956
 way/1051991929
 way/1051991950
 way/1051991928
 way/1051991958
 way/1167684017
 way/1051991963
 way/1224734888
 way/675725557
 way/766067782
 way/52756554
 way/766067783
 way/52756573
 way/52756590
 way/766067784
 way/766067784
 way/52756489
 way/52756580
 way/52756533
 way/52756518
 way/52756540
 way/627189946
 way/801428574
 way/1267599854
 way/1267608479
 way/1267608468
 way/1267608489
 way/1267608495
 way/1267608471
 way/1267608496
 way/1266949138
 way/1267608469
 way/1267608467
 way/1267608498
 way/1267608466
 way/1267608481
 way/1267608485
 way/1267608484
 way/1267608487
 way/1267608473
 way/1267608491
 way/1267608483
 way/1267608480
 way/1267608493
 way/1267608493
 way/1267608493
 way/1267608472
 way/1267608492
 way/1267608465
 way/1267608497
 way/1267608494
 way/1267608476
 way/1267608486
 way/1267608464
 way/1267599853
 way/1267608470
 way/1267608490
 way/1267599852
 way/1267608477
 way/1267608474
 way/1267608475
 way/1267608488
 way/1267608482
 way/1267608478
 way/885030045
 way/885030050
 way/885030048
 way/885030047
 way/885030046
 way/885030054
 way/885030055
 way/885030052
 way/885030053
 way/885030050
 way/885030049
 way/885030051
 way/884973608
 way/884973606
 way/884973608
 way/884973611
 way/884973607
 node/8229737521
 way/884973612
 way/884973610
 way/884973612
 way/884973609
 way/884973605
 way/884973614
 way/884973601
 way/884973601
 way/884973600
 way/884973613
 way/884973603
 way/884973602
 way/884973604
 way/766062183
 way/766062180
 way/766062181
 way/766062182
 way/766062185
 way/766062184
 way/766062168
 way/766062171
 way/766062170
 way/766062171
 way/766062171
 way/766062169
 way/766062179
 way/766062174
 way/766062177
 way/766062173
 way/766062172
 way/766062176
 way/766062178
 way/478363518
 way/478363665
 way/478363664
 way/136688706
 way/136688709
 way/478363685
 way/478363501
 way/478363686
 way/478363510
 way/478363504
 way/696947813
 way/696948230
 way/478370101
 way/1124860037
 way/478369756
 way/1124860038
 way/1124860036
 way/478369757
 way/1168221013
 way/1168221012
 way/1184056249
 way/466208823
 way/1138013191
 way/1138013191
 way/466208820
 way/466208823
 way/466208823
 way/466208822
 way/466208824
 way/466208821
 way/697003563
 way/697003579
 way/1200698489
 way/1200698489
 way/1200698489
 node/11132950473
 node/11132950473
 node/11132950473
 way/1200698488
 way/885873032
 way/885873033
 way/885873034
 way/885873031
 way/887017549
 way/887017552
 way/887017551
 way/887017550
 way/887017548
 way/887017553
 way/887017554
 way/887767734
 way/887767735
 way/887767734
 way/887767736
 way/1135508326
 node/11132953006
 way/1200698490
 way/234792138
 way/765142964
 way/1127525793
 way/1124366735
 way/1124880516
 way/1124880517
 way/1124880511
 node/261783072
 node/10286671129
 way/1124880504
 way/1124880505
 way/1124366738
 node/261783072
 node/261783072
 way/1124880513
 way/1124880512
 way/1124880507
 way/1124880508
 way/1124880509
 way/1124880510
 way/1124366734
 way/1124480864
 way/1124480863
 way/1213670832
 way/1124728062
 way/1124728063
 way/1124728057
 way/1124728061
 way/1124728061
 way/1124728061
 way/1124728059
 way/1124728060
 way/1124728058
 way/1124728072
 way/1124728065
 way/1124728064
 way/1124728070
 way/1124728071
 way/1124728067
 way/1124728069
 way/1124728068
 way/1124728054
 way/1124728055
 way/1124728056
 way/1124728066
 way/345318324
 way/1135508325
 way/345318324
 way/345318323
 way/345318325
 way/1125856494
 way/1125531226
 way/156708517
 way/118767238
 way/716797180
 way/716797216
 way/118767255
 way/118767234
 way/118767231
 way/118767245
 way/118767230
 way/118767249
 way/118767240
 way/118767257
 way/118767259
 way/118767237
 way/118767259
 way/118767254
 way/118767235
 way/118767252
 way/883106882
 way/883106882
 way/883106881
 way/883106880
 way/883106851
 way/883106850
 way/883106846
 way/883106849
 way/883106844
 way/883106845
 way/883106852
 way/182257065
 way/182257061
 way/182257063
 way/182257070
 way/182257064
 way/182257066
 way/182257062
 way/730197545
 way/604044900
 way/1088957019
 way/423214623
 way/1088957018
 way/1088957016
 way/1151585934
 way/423214624
 way/423214625
 way/423214628
 way/604042809
 way/459008246
 way/458996637
 way/459008246
 way/423214627
 way/279673719
 way/279675998
 way/279676000
 way/279675480
 way/1157239854
 way/1157239855
 way/1157239854
 way/279675479
 way/604039796
 way/604039867
 way/869898696
 way/604044898
 way/604044899
 way/604044898
 way/604044898
 way/604044898
 way/292134585
 way/292134074
 way/870994380
 way/870994380
 way/279678199
 way/279675557
 way/869898692
 way/459011458
 way/827723846
 way/400819800
 way/279677449
 way/827735472
 way/827738134
 way/827734839
 way/604038038
 way/604038040
 way/604040315
 way/604038039
 way/604040314
 way/604039888
 way/604038042
 way/401082170
 way/279673687
 way/24176023
 way/202767245
 way/855228538
 way/854097485
 way/478726090
 way/478726195
 way/1112359540
 way/24172657
 way/239625030
 way/239625030
 way/239624411
 way/239625029
 way/239625030
 way/239625030
 way/239624410
 way/1175182656
 way/679631522
 way/1175182655
 way/1274549492
 way/1274549492
 way/1274549492
 way/1274549492
 way/242074684
 way/679631521
mapbox_example.html:104 way/274578355
mapbox_example.html:104 way/302436584
mapbox_example.html:104 way/302436592
mapbox_example.html:104 way/302436582
mapbox_example.html:104 way/302428501
mapbox_example.html:104 way/302436589
mapbox_example.html:104 way/680243076
mapbox_example.html:104 way/679969224
mapbox_example.html:104 way/680744781
mapbox_example.html:104 way/1274549495
mapbox_example.html:104 way/1194099193
mapbox_example.html:104 way/1274549495
mapbox_example.html:104 way/679971868
mapbox_example.html:104 way/1202556674
mapbox_example.html:104 way/1202556677
mapbox_example.html:104 way/1274549493
mapbox_example.html:104 way/1194099192
mapbox_example.html:104 way/680744781
mapbox_example.html:104 way/242077598
mapbox_example.html:104 way/679969223
mapbox_example.html:104 way/274576253
mapbox_example.html:104 way/679969224
mapbox_example.html:104 way/242077583
mapbox_example.html:104 way/1274768448
mapbox_example.html:104 way/1202563016
mapbox_example.html:104 way/679571029
mapbox_example.html:104 way/1274768449
mapbox_example.html:104 way/679973414
mapbox_example.html:104 way/274576252
mapbox_example.html:104 way/679971867
mapbox_example.html:104 way/242077587
mapbox_example.html:104 way/302428498
mapbox_example.html:104 way/302428490
mapbox_example.html:104 way/242077595
mapbox_example.html:104 way/1175196670
mapbox_example.html:104 way/1095769235
mapbox_example.html:104 way/679971869
mapbox_example.html:104 way/302436591
mapbox_example.html:104 way/1271829557
mapbox_example.html:104 way/679631523
mapbox_example.html:104 way/679631524
mapbox_example.html:104 way/1202563015
mapbox_example.html:104 way/1112359541
mapbox_example.html:104 way/476781470
mapbox_example.html:104 way/55206854
mapbox_example.html:104 way/55206853
mapbox_example.html:104 way/103086865
mapbox_example.html:104 way/1121558207
mapbox_example.html:104 way/1121558209
mapbox_example.html:104 way/1121558208
mapbox_example.html:104 way/1121558206
Third-party cookie will be blocked in future Chrome versions as part of Privacy Sandbox.
Third-party cookie will be blocked in future Chrome versions as part of Privacy Sandbox.
Third-party cookie will be blocked in future Chrome versions as part of Privacy Sandbox.
 way/461062642
 way/461062642
 way/458947938
 way/458947938
 way/694613817
 way/809358598
 way/458947935
 way/606156213
 node/4548711863
 way/458947928
 way/542428861
 way/542428860
 way/542686814
 way/809358580
 way/809358581
 way/809358582
 way/809358596
 way/809358596
 way/809358586
 way/809358589
 way/809358587
 way/809358585
 way/809358584
 way/809358597
 way/809358599
 way/20711093
 way/809358583
 way/20711093
 way/20684892
 way/20685025
 way/20684913
 way/20713162
 way/1091470353
 way/809358593
 way/1091470354
 way/1091470352
 way/1091470350
 way/809358588
 way/809358588
 way/1091470349
 way/1091470348
 way/1091470356
 way/1091470356
 way/1091470355
 way/809358592
 way/1160031650
 way/319031213
 way/1160031650
 way/1160031650
 way/319031221
 way/319031218
 way/1042992189
 way/20677083
 node/222154893
 way/20688749
 way/327206191
 way/327206191
 way/20653651
 way/327206191
 way/327206191
 way/20658032
 way/20695376
 way/20662091
 way/539937003
 way/854674501
 way/607976061
 way/607976067
 way/854674502
 way/854674496
 way/854674501
 way/854674501
 way/607976056
 node/5760763169
 way/607976058
 way/607976057
 way/539338601
 way/605055944
 way/248706794
 way/248706796
 way/248706793
 way/248706792
 way/20651359
 way/248706798
 way/20662403
 way/20663499
 way/20701644
 way/20671352
 way/540016718
 way/541619036
 way/541619037
 way/540015294
 way/540015293
 way/540015295
 way/541619037
 way/540015292
 way/540015622
 way/540016886
 way/1005128091
 way/540002342
 way/20651287
 way/540003141
 way/541619039
 way/540002343
 way/20680188
 way/540002338
 way/540002339
 way/874499855
 way/20677741
 way/541619040
 way/541619035
 way/541619040
 way/541619038
 way/889328003
 way/889324616
 way/608452034
 way/967299381
 way/967297939
 way/967338526
 way/967297252
 way/20658038
 way/20671279
 way/20661915
 way/20706568
 way/827048449
 way/827048457
 way/827048399
 way/827048449
 way/827048417
 way/20657628
 way/48623014
 way/20650445
 way/20658055
 way/649304536
 way/649304546
 way/415943822
 way/122087650
 way/122087639
 way/122087648
 way/508734636
 node/3740459754
 way/1127939929
 way/609250755
 way/609250110
 way/609250111
 way/609250705
 way/685473321
 way/370337150
 way/609042115
 way/908925138
 way/908925137
 way/609250109
 way/609217706
 way/370337153
 way/1127939926
 way/415943822
 way/1127939925
 way/1127939925
 way/370337152
 way/370337151
 way/370337148
 way/370337151
 way/370337151
 way/370337149
 way/48622989
 way/48623015
 way/20712147
 way/48623023
 way/1127939919
 way/20668944
 way/1127939923
 way/48623024
 way/1127939923
 way/685682949
 way/1127939924
 way/20697623
 way/1235215846
 way/1235215837
 way/1235215833
 node/11465995988
 way/1235215835
 way/1235215852
 way/1235215854
 node/11465996084
 node/11465996084
 node/11465996084
 way/1235215853
 way/1235215851
 way/1235215849
 way/1235215850
 way/1235215848
 way/1235215835
 way/1235215834
 way/1235215836
 way/1235215838
 way/1235215839
 way/1235215840
 way/1235215843
 way/1235215841
 way/1235215842
 way/1235215844
 way/1235215845
 way/1235215855
 way/1235215847
 way/1235215862
 way/1235215856
 node/11465996120
 way/1235215870
 way/1235215863
 way/1235215865
 way/1235215864
 way/1235215872
 way/1235215871
 way/1235215873
 way/1235215867
 node/11465996142
 way/1235215869
 node/11465996142
 way/1235215868
 way/608727109
 way/608727110
 way/510839721
 way/510839723
 way/510839722
 way/44785898
 way/478692177
 way/478539196
 way/478539195
 way/478539194
 way/478539200
 way/478539199
 way/478539193
 way/478539198
 way/478539197
 way/608727112
 way/608727108
 way/608727107
 way/608727091
 way/608727092
 way/478539187
 way/478539189
 way/478539190
 way/20696171
 way/20681262
 way/608727093
 way/478539183
 way/608727093
 way/608732408
 way/478539182
 way/608727090
 way/478735886
 way/478539179
 node/11465996125
 way/1235215857
 node/11465996124
 way/1235215866
 way/1235215860
 way/1235215859
 node/11465996167
 node/11465996167
 way/1235215858
 way/1235215861
 way/319662465
 way/319662463
 way/319662460
mapbox_example.html:104 way/1094649943
mapbox_example.html:104 way/624371920
mapbox_example.html:104 way/1094648109
mapbox_example.html:104 way/1094648105
mapbox_example.html:104 way/1094648105
mapbox_example.html:104 way/1094648108
mapbox_example.html:104 way/1094648108
mapbox_example.html:104 way/1094648107
mapbox_example.html:104 way/1094648106
mapbox_example.html:104 way/1095781040
mapbox_example.html:104 way/1095781041
mapbox_example.html:104 way/919001724
mapbox_example.html:104 way/919001725
mapbox_example.html:104 way/919001722
mapbox_example.html:104 way/919001727
mapbox_example.html:104 way/919001726
mapbox_example.html:104 way/919001723
mapbox_example.html:104 way/919001719
mapbox_example.html:104 way/919001721
mapbox_example.html:104 way/919001720
mapbox_example.html:104 way/919001717
mapbox_example.html:104 way/919001718
mapbox_example.html:104 way/1094418133
mapbox_example.html:104 way/1095781039
mapbox_example.html:104 way/1133865516
mapbox_example.html:104 way/1133865588
mapbox_example.html:104 way/1095781780
mapbox_example.html:104 node/222385639
mapbox_example.html:104 way/1094418134
mapbox_example.html:104 way/1094418135
mapbox_example.html:104 way/1094418137
mapbox_example.html:104 way/1094418137
mapbox_example.html:104 way/1094418136
mapbox_example.html:104 way/1095781044
mapbox_example.html:104 way/1095781045
mapbox_example.html:104 way/1095781043
mapbox_example.html:104 way/1095781778
mapbox_example.html:104 way/1095781779
mapbox_example.html:104 way/1157599248
mapbox_example.html:104 way/1062598198
mapbox_example.html:104 way/416607003
mapbox_example.html:104 way/866077056
mapbox_example.html:104 way/727336445
mapbox_example.html:104 way/1272075672
mapbox_example.html:104 way/20650363
mapbox_example.html:104 way/20659044
mapbox_example.html:104 way/20668557
mapbox_example.html:104 way/791308535
mapbox_example.html:104 way/20652835
mapbox_example.html:104 way/20658518
mapbox_example.html:104 way/20650386
mapbox_example.html:104 way/1272075670
mapbox_example.html:104 way/20710234
mapbox_example.html:104 way/20713011
mapbox_example.html:104 way/20710238
 way/982124281
 way/982124280
 way/65164841
 way/982124278
 way/982124279
 way/65164843
 way/982124277
 way/65164842
 way/44035773
 way/982033280
 way/982033283
 way/982033268
 way/982033269
 way/982124282
 way/982124284
 way/982124283
 way/982124286
 way/982124285
 way/982033273
 way/125436579
 way/982033278
 way/982033275
 way/982033276
 way/982033279
 way/68397900
 way/981911374
 way/44035772
 way/981911375
 way/981911376
 way/671311930
 way/153972642
 way/153972638
 way/982033271
 way/982033272
 way/157765168
 way/157765164
 way/157765160
 way/157765167
 way/157765163
 way/180636666
 way/890837652
 way/44035770
 way/981873270
 way/870729370
 way/942880528
 way/942880529
 way/942880530
 way/153969026
 way/942880527
 way/153969024
 way/942880526
 way/942880525
 way/942880524
 way/24171516
 way/890837653
 way/153969025
 way/153969021
 way/62226387
 way/62226387
 way/870731817
 way/368551887
 way/368551886
 way/368551886
 way/153969020
 way/24173094
 way/180636670
 way/180636667
 way/180636663
 way/942804861
 way/942804861
 way/942804860
 way/942804863
 way/942804862
 way/981873260
 way/942804864
 way/942801409
 way/153978876
 way/153978874
 way/942801411
 way/982415780
 way/982415773
 way/180637498
 way/981911385
 way/424510927
 way/981911384
 way/982415777
 way/982415775
 way/982415776
 way/982415778
 way/982415779
 way/368848766
 way/942806196
 way/942806195
 way/942806747
 way/982415774
 way/942807382
 way/942807382
 way/942807380
 way/942808493
 way/810048809
 way/942814004
 way/942811944
 way/942811943
 way/982415761
 way/942805512
 way/942807805
 way/942814005
 way/982415764
 way/810048234
 way/942815010
 way/942807381
 way/942815589
 way/727350945
 way/942815009
 way/942815008
 way/809873499
 way/24176978
 way/1005128086
 way/1005128089
 way/1005128089
 way/1005128088
 way/206921714
 way/942817046
 way/942817048
 way/942817047
 way/157767744
 way/981911383
 way/981873271
 way/942880523
 way/157767887
 way/982033264
 way/982033265
 way/982033284
 way/496487880
 way/982033289
 way/942876646
 way/727349147
 way/24173323
 way/690830371
 way/870732804
 way/982124305
 way/153967334
 way/982124304
 way/982124303
 way/132560680
 way/132557740
 way/982124302
 way/982124302
 way/982124306
 way/982124301
 way/943688920
 way/942872251
 way/982124291
 way/982124295
 way/942872252
 way/942871254
 way/982124298
 way/982124297
 way/132777739
 way/132777737
 way/132777736
 way/982124299
 way/982124300
 way/942870305
 way/982124310
 node/732685708
 way/133784249
 way/133783001
 way/133782999
 way/982124311
 way/982124311
 way/133788732
 way/133788731
 way/982124313
 way/982124311
 way/982124311
 way/133783000
 way/982124312
 way/982124313
 way/133788735
 way/133788734
 way/58865336
 way/58865278
 way/58865276
 way/58865277
 way/58865275
 way/58865288
 way/57375783
 way/58863453
 way/57375787
 way/58863507
 way/58863477
 way/58865280
 way/57375805
 way/982353339
 way/58865528
 way/982353338
 way/24170963
 way/62222608
 way/982172550
 way/982172549
 way/982172551
 way/62222614
 way/982172554
 way/62222618
 way/982172555
 way/870689658
 way/982172555
 way/62222615
 way/61135248
 way/601246029
 way/982353337
 way/61353438
 way/61135250
 way/942867938
 way/942867939
 way/942867940
 way/870693528
 way/942869591
 way/1204783528
 way/942869592
 way/942869592
 way/870691997
 way/942869590
 way/982172560
 way/942867937
 way/942867936
 way/24171527
 way/810048233
 way/69332611
 way/942801410
 way/69413005
 way/69412935
 way/153967333
 way/942856922
 way/942865172
 way/61135244
 way/61135243
 way/61135245
 way/62118369
 way/44073089
 way/239456611
 way/239456608
 way/239456611
 way/239456606
 way/239456610
 way/239456607
 way/239456607
 way/239456607
 way/239454818
 way/239456686
 way/239460599
 way/239456185
 way/239456186
 way/239454814
 way/239457849
 way/239456185
 way/239457844
 way/239454820
 way/239454814
 way/239454813
 way/239456185
 way/239454818
 way/239454817
 way/239454811
 way/134870135
 way/134870136
 way/239457855
 way/239457837
 way/239457840
 way/239457852
 way/239457856
 way/239457854
 way/239457836
 way/239458920
 way/239457853
 way/239457838
 way/134870134
 way/134870133
 way/134870133
 way/134870130
 way/1005518793
 way/134870129
 way/44073087
 way/1005128092
 way/20665013
 way/20657283
 way/424753361
 way/62214512
 way/62214511
 way/942819875
 way/942819876
 way/871138968
 way/20694043
 way/942843202
 way/317314185
 way/871142702
 way/871142701
 way/505419798
 way/942844644
 way/942844643
 way/871141370
 way/20693959
 node/8732628893
 way/1005399215
 way/810048232
 way/942844641
 way/942844640
mapbox_example.html:104 way/942844639
mapbox_example.html:104 way/982375800
mapbox_example.html:104 way/44074529
mapbox_example.html:104 way/982375797
mapbox_example.html:104 way/20652329
mapbox_example.html:104 way/871143426
mapbox_example.html:104 way/44074539
mapbox_example.html:104 way/44074537
mapbox_example.html:104 way/62221736
mapbox_example.html:104 way/982353343
mapbox_example.html:104 way/977731254
mapbox_example.html:104 way/44074536
mapbox_example.html:104 way/982353348
mapbox_example.html:104 way/942852184
mapbox_example.html:104 way/942852183
mapbox_example.html:104 way/942852186
mapbox_example.html:104 way/942849283
mapbox_example.html:104 way/982375796
mapbox_example.html:104 way/942849284
mapbox_example.html:104 way/942849282
mapbox_example.html:104 way/942852185
mapbox_example.html:104 way/44074531
mapbox_example.html:104 way/65177032
mapbox_example.html:104 way/1005399216
mapbox_example.html:104 way/809320010
mapbox_example.html:104 way/1005518785
mapbox_example.html:104 way/809307370
mapbox_example.html:104 way/809306038
mapbox_example.html:104 way/80434270
mapbox_example.html:104 way/1004282022
mapbox_example.html:104 way/1005657339
mapbox_example.html:104 way/154943700
mapbox_example.html:104 way/134706095
mapbox_example.html:104 way/24168460
mapbox_example.html:104 way/1004282024
mapbox_example.html:104 way/154943703
mapbox_example.html:104 way/1004282025
mapbox_example.html:104 way/154943711
mapbox_example.html:104 way/1006086031
mapbox_example.html:104 way/1004502786
mapbox_example.html:104 way/1006086031
mapbox_example.html:104 way/1006086029
mapbox_example.html:104 way/1006086030
mapbox_example.html:104 way/155876892
mapbox_example.html:104 way/1004502788
mapbox_example.html:104 way/154943705
mapbox_example.html:104 way/80515394
mapbox_example.html:104 way/154943706
mapbox_example.html:104 way/154944852
mapbox_example.html:104 way/1004502788
mapbox_example.html:104 way/1004502787
mapbox_example.html:104 way/1004282025
 way/982415745
 way/20677794
 way/982415742
 way/424752251
 way/62214337
 way/20661975
 way/115579735
 way/364839660
 way/871040911
 way/982415752
 way/374962192
 way/982415739
 way/115579734
 way/870792211
 way/1006618861
 way/1006618862
 way/1006618862
 way/20666254
 way/1006618862
 way/343776058
 way/1005078531
 way/317314187
 way/424167634
 way/942836019
 way/982415760
 way/942836020
 way/942837627
 way/942837626
 way/942837624
 way/942837625
 way/942843206
 way/942843205
 way/942843204
 way/942837623
 way/871041863
 way/871041864
 way/871041865
 way/871042441
 way/942840962
 way/942840961
 way/871042440
 way/982375803
 way/982375802
 way/942844642
 way/1005399210
 way/942847422
 way/1298899587
 way/1005078530
 way/317314186
 way/185484623
 way/982415770
 way/982375801
 way/228460541
 way/1005078522
 way/1005078520
 node/9273355857
 way/1005078518
 node/9273355856
 way/798970568
 way/20663737
 way/733741119
 way/866077042
 way/1006564284
 way/1006564286
 way/1006564285
 way/424543332
 way/20655896
 way/20653766
 way/727337729
 way/20679059
 way/20671692
 way/20658615
 way/865768805
 way/300628524
 way/739170295
 way/20659955
 way/1006828826
 way/798970569
 way/803213624
 way/803213624
 way/20656050
 way/727335334
 way/1005062303
 way/1005062295
 way/241538439
 way/80425157
 way/20654598
 way/803214765
 way/20697319
 way/20695803
 way/1005988436
 way/1003727799
 way/679928564
 way/346589623
 way/1003727801
 way/1003727807
 way/1003727811
 way/1005062301
 way/866077049
 way/1005991549
 way/1005991548
 way/1005991550
 way/1005991547
 way/1005062292
 way/238573443
 way/1005062301
 way/1005062301
 node/221783153
 way/20658926
 way/1005062293
 way/20658918
 way/1005062300
 way/1005062307
 way/1005078510
 way/1005062310
 way/80515199
 way/849591095
 way/938874179
 way/316621592
 way/1004282017
 way/1004282014
 way/1004817228
 way/1004817222
 way/136005511
 way/20689192
 node/3056959029
 way/1004817224
 way/1189245425
 way/1189245423
 way/1189245422
 way/1189245421
 way/1189245424
 way/1003414776
 way/613884632
 way/241544366
 way/372739451
 way/613884637
 way/613884636
 way/1189245425
 way/1003414775
 way/613884633
 way/613884629
 way/136179041
 node/3046688147
 node/3046688147
 way/973754987
 way/372739450
 way/613884639
 way/613884638
 way/372739452
 way/80434930
 way/372739449
 way/372739447
 way/80434931
 way/1003414756
 way/1003414755
 way/1106471348
 way/1003414761
 way/1106471350
 way/203412103
 way/1003414757
 way/1003414758
 way/1251272808
 way/1106471350
 way/1106471349
 way/1003414760
 way/372739448
 way/134871012
 way/1004099274
 way/870776712
 way/870776710
 way/870776711
 way/1225272889
 way/191428067
 way/203412104
 way/534573540
 way/1003414766
 way/474235713
 way/80434336
 way/80434337
 way/80434328
 way/1003414772
 way/1003414769
 way/1003414768
 way/80434335
 way/1003414774
 way/1004177067
 way/827419150
 way/32619617
 way/1004177069
 way/377340016
 way/380643012
 way/1004177071
 way/31783409
 way/31783442
 way/423240017
 way/31783463
 way/363652385
 way/377339586
 way/1004099275
 way/1004099276
 way/363652383
 way/20701630
 way/423236853
 way/870777844
 way/134871010
 way/80434936
 way/870778636
 way/1004177074
 way/241543075
 way/1004177075
 way/154936789
 way/370238727
mapbox_example.html:104 way/241543074
mapbox_example.html:104 way/241543077
mapbox_example.html:104 way/370238728
mapbox_example.html:104 way/370238727
mapbox_example.html:104 way/241543078
mapbox_example.html:104 way/1004177084
mapbox_example.html:104 way/24168659
mapbox_example.html:104 way/806657822
mapbox_example.html:104 way/31782644
mapbox_example.html:104 way/241543073
mapbox_example.html:104 way/1004177083
mapbox_example.html:104 way/1004177089
mapbox_example.html:104 way/44075082
mapbox_example.html:104 way/1245519177
mapbox_example.html:104 way/1245519177
mapbox_example.html:104 way/806656765
mapbox_example.html:104 way/20693958
mapbox_example.html:104 way/1004282012
mapbox_example.html:104 way/80515374
mapbox_example.html:104 way/134706093
mapbox_example.html:104 way/154944780
mapbox_example.html:104 way/1004502789
mapbox_example.html:104 way/1004614467
mapbox_example.html:104 way/1004502791
mapbox_example.html:104 way/80515392
mapbox_example.html:104 way/1004614466
mapbox_example.html:104 way/1004502785
mapbox_example.html:104 way/1006086046
mapbox_example.html:104 way/798970572
mapbox_example.html:104 way/1221630476
mapbox_example.html:104 way/1221630477
mapbox_example.html:104 way/1004614466
mapbox_example.html:104 way/1004502790
mapbox_example.html:104 way/580016677
mapbox_example.html:104 way/155875106
mapbox_example.html:104 way/157802666
mapbox_example.html:104 way/1004614459
mapbox_example.html:104 way/1004614465
mapbox_example.html:104 way/448327035
mapbox_example.html:104 way/448327033
mapbox_example.html:104 way/657943787
mapbox_example.html:104 way/1004502792
mapbox_example.html:104 way/657943780
mapbox_example.html:104 way/1004502793
mapbox_example.html:104 way/398277403
mapbox_example.html:104 way/392703373
mapbox_example.html:104 way/392703369
mapbox_example.html:104 way/392703371
mapbox_example.html:104 way/392703370
mapbox_example.html:104 way/534566725
mapbox_example.html:104 way/1004614468
mapbox_example.html:104 way/31745181
mapbox_example.html:104 way/79794772
mapbox_example.html:104 way/1003684312
mapbox_example.html:104 way/1003684311
mapbox_example.html:104 way/1004099271
mapbox_example.html:104 way/1052542481
mapbox_example.html:104 way/942854662
way/942801408
way/565237663
mapbox_example.html:104 way/1004282006
mapbox_example.html:104 way/1004177090
way/870695016
way/153972639
way/982353351
way/1005399214
mapbox_example.html:104 way/62120152
way/317314188
way/982353354
mapbox_example.html:104 way/1005078511
way/1004282006
way/157802673
way/870694396
way/317314188
way/62226388
mapbox_example.html:104 way/62226389
mapbox_example.html:104 way/870695016
way/1026778087
mapbox_example.html:104 way/613884630
mapbox_example.html:104 way/232450760
mapbox_example.html:104 way/232450759
mapbox_example.html:104 way/232450608
mapbox_example.html:104 way/231821775
way/188503416
way/966701908-1
2mapbox_example.html:118 way/982415751-0
mapbox_example.html:118 way/966701909